Arguments: 
  C:\Program Files\nodejs\node.exe C:\Program Files (x86)\Yarn\bin\yarn.js add react-native-bootstrap-styles

PATH: 
  C:\Program Files\Common Files\Oracle\Java\javapath;C:\WINDOWS\system32;C:\WINDOWS;C:\WINDOWS\System32\Wbem;C:\WINDOWS\System32\WindowsPowerShell\v1.0\;C:\WINDOWS\System32\OpenSSH\;C:\Program Files (x86)\Intel\Intel(R) Management Engine Components\DAL;C:\Program Files\Intel\Intel(R) Management Engine Components\DAL;C:\Program Files (x86)\Intel\Intel(R) Management Engine Components\IPT;C:\Program Files\Intel\Intel(R) Management Engine Components\IPT;C:\Program Files\Intel\WiFi\bin\;C:\Program Files\Common Files\Intel\WirelessCommon\;C:\Program Files\Git\cmd;C:\Program Files (x86)\Yarn\bin\;C:\Program Files\nodejs\;C:\ProgramData\chocolatey\bin;C:\MinGW\bin;C:\Program Files\Genymobile\Genymotion\tools;C:\Users\Tolu\AppData\Local\Microsoft\WindowsApps;C:\Users\Tolu\AppData\Local\Programs\Microsoft VS Code\bin;C:\Users\Tolu\AppData\Local\Yarn\bin;C:\Users\Tolu\AppData\Roaming\npm;C:\Program Files\heroku\bin;C:\MinGW\bin;

Yarn version: 
  1.22.15

Node version: 
  16.13.0

Platform: 
  win32 x64

Trace: 
  Error: EPERM: operation not permitted, copyfile 'C:\Users\Tolu\AppData\Local\Yarn\Cache\v6\npm-@fortawesome-free-solid-svg-icons-6.2.1-2290ea5adcf1537cbd0c43de6feb38af02141d27-integrity\node_modules\@fortawesome\free-solid-svg-icons\faShoppingCart.js' -> 'C:\Users\Tolu\Documents\personal-projects\twitter-clone\twitter-clone-app\node_modules\@fortawesome\free-solid-svg-icons\faShoppingCart.js'

npm manifest: 
  {
    "name": "app",
    "version": "1.0.0",
    "main": "node_modules/expo/AppEntry.js",
    "scripts": {
      "start": "expo start",
      "android": "expo start --android",
      "ios": "expo start --ios",
      "web": "expo start --web"
    },
    "dependencies": {
      "@expo/webpack-config": "^0.17.2",
      "@fortawesome/fontawesome-svg-core": "^6.2.1",
      "@fortawesome/free-solid-svg-icons": "^6.2.1",
      "@fortawesome/react-native-fontawesome": "^0.3.0",
      "expo": "~47.0.8",
      "expo-status-bar": "~1.4.2",
      "react": "18.1.0",
      "react-dom": "18.1.0",
      "react-native": "0.70.5",
      "react-native-svg": "^13.6.0",
      "react-native-web": "~0.18.9"
    },
    "devDependencies": {
      "@babel/core": "^7.12.9"
    },
    "private": true
  }

yarn manifest: 
  No manifest

Lockfile: 
  No lockfile
